#options: 1280x720 fps=24/1 timebase=1/25 bitdepth=8 cabac=1 ref=5 deblock=1:0:0 analyse=0x3:0x113 me=hex subme=8 psy=1 psy_rd=1.00:0.00 mixed_ref=1 me_range=16 chroma_me=1 trellis=2 8x8dct=1 cqm=0 deadzone=21,11 fast_pskip=1 chroma_qp_offset=-2 threads=12 lookahead_threads=2 sliced_threads=0 nr=0 decimate=1 interlaced=0 bluray_compat=0 constrained_intra=0 bframes=3 b_pyramid=2 b_adapt=1 b_bias=0 direct=3 weightb=1 open_gop=0 weightp=2 keyint=96 keyint_min=49 scenecut=0 intra_refresh=0 rc_lookahead=50 rc=abr mbtree=1 bitrate=2400 ratetol=1.0 qcomp=0.60 qpmin=0 qpmax=69 qpstep=4 vbv_maxrate=4800 vbv_bufsize=9600 nal_hrd=none filler=0 ip_ratio=1.40 aq=1:1.00
in:0 out:0 type:I dur:2 cpbdur:2 q:25.83 aq:17.23 tex:9939 mv:3841 misc:6524 imb:3600 pmb:0 smb:0 d:- ref:;
in:4 out:1 type:P dur:2 cpbdur:2 q:25.82 aq:19.80 tex:17136 mv:3320 misc:896 imb:229 pmb:37 smb:3334 d:- ref:148 ;
in:2 out:2 type:B dur:2 cpbdur:2 q:25.83 aq:22.66 tex:8094 mv:2622 misc:852 imb:47 pmb:290 smb:3262 d:s ref:691 ;
in:1 out:3 type:b dur:2 cpbdur:2 q:25.83 aq:22.77 tex:3264 mv:1934 misc:786 imb:12 pmb:220 smb:3368 d:s ref:506 ;
in:3 out:4 type:b dur:2 cpbdur:2 q:25.83 aq:23.16 tex:5087 mv:3281 misc:856 imb:15 pmb:243 smb:3334 d:- ref:572 28 ;
in:5 out:5 type:P dur:2 cpbdur:2 q:25.38 aq:20.32 tex:12823 mv:4122 misc:1111 imb:106 pmb:294 smb:3200 d:- ref:1052 16 59 49 ;
in:7 out:6 type:P dur:2 cpbdur:2 q:25.31 aq:19.38 tex:13213 mv:4286 misc:1013 imb:162 pmb:197 smb:3241 d:- ref:586 10 63 103 26 ;
in:6 out:7 type:b dur:2 cpbdur:2 q:25.38 aq:19.22 tex:7523 mv:4300 misc:825 imb:12 pmb:276 smb:3301 d:s ref:567 31 46 ;
in:9 out:8 type:P dur:2 cpbdur:2 q:25.11 aq:18.17 tex:12061 mv:3619 misc:1000 imb:170 pmb:178 smb:3252 d:- ref:538 2 134 6 32 ;
in:8 out:9 type:b dur:2 cpbdur:2 q:25.30 aq:18.54 tex:8745 mv:4117 misc:906 imb:29 pmb:276 smb:3288 d:s ref:540 28 32 ;
in:11 out:10 type:P dur:2 cpbdur:2 q:24.92 aq:19.36 tex:15548 mv:4288 misc:1036 imb:218 pmb:158 smb:3224 d:- ref:490 3 103 30 6 ;
in:10 out:11 type:b dur:2 cpbdur:2 q:25.11 aq:21.84 tex:7273 mv:4058 misc:949 imb:8 pmb:324 smb:3259 d:s ref:622 42 70 ;
in:12 out:12 type:P dur:2 cpbdur:2 q:20.38 aq:12.61 tex:21443 mv:4721 misc:1300 imb:85 pmb:317 smb:3198 d:- ref:1059 32 100 52 25 ;
in:13 out:13 type:P dur:2 cpbdur:2 q:18.25 aq:4.87 tex:28073 mv:5034 misc:1437 imb:110 pmb:339 smb:3151 d:s ref:1144 30 85 69 20 8 ;
in:15 out:14 type:P dur:2 cpbdur:2 q:16.50 aq:5.39 tex:40494 mv:6258 misc:1584 imb:218 pmb:352 smb:3030 d:s ref:1193 4 108 54 41 8 ;
in:14 out:15 type:b dur:2 cpbdur:2 q:18.23 aq:11.16 tex:21534 mv:5892 misc:1054 imb:20 pmb:323 smb:3235 d:s ref:689 28 21 ;
in:16 out:16 type:P dur:2 cpbdur:2 q:13.69 aq:3.96 tex:44204 mv:5812 misc:1392 imb:137 pmb:356 smb:3107 d:s ref:1160 26 167 33 38 ;
in:17 out:17 type:P dur:2 cpbdur:2 q:13.16 aq:2.62 tex:48166 mv:6949 misc:1333 imb:161 pmb:334 smb:3105 d:s ref:1127 47 96 36 30 0 ;
in:20 out:18 type:P dur:2 cpbdur:2 q:12.81 aq:3.35 tex:76280 mv:8296 misc:1352 imb:351 pmb:247 smb:3002 d:s ref:776 10 115 67 16 4 ;
in:18 out:19 type:B dur:2 cpbdur:2 q:13.16 aq:4.42 tex:44891 mv:7452 misc:1593 imb:43 pmb:493 smb:3039 d:s ref:962 63 12 60 ;
in:19 out:20 type:b dur:2 cpbdur:2 q:13.15 aq:6.35 tex:41398 mv:7592 misc:1306 imb:27 pmb:433 smb:3112 d:- ref:1037 51 25 ;
in:23 out:21 type:P dur:2 cpbdur:2 q:11.67 aq:3.61 tex:108163 mv:10533 misc:1408 imb:473 pmb:238 smb:2889 d:s ref:696 21 138 38 59 ;
in:21 out:22 type:B dur:2 cpbdur:2 q:12.80 aq:5.62 tex:49391 mv:8100 misc:1717 imb:69 pmb:538 smb:2968 d:s ref:1014 268 23 40 ;
in:22 out:23 type:b dur:2 cpbdur:2 q:12.80 aq:6.55 tex:48015 mv:8940 misc:1349 imb:7 pmb:507 smb:3043 d:- ref:1090 49 44 ;
in:26 out:24 type:P dur:2 cpbdur:2 q:10.99 aq:2.91 tex:129377 mv:11814 misc:1937 imb:416 pmb:455 smb:2729 d:s ref:1557 18 176 60 9 ;
in:24 out:25 type:B dur:2 cpbdur:2 q:11.67 aq:5.54 tex:63606 mv:9017 misc:1833 imb:37 pmb:614 smb:2909 d:s ref:1235 332 12 28 ;
in:25 out:26 type:b dur:2 cpbdur:2 q:11.66 aq:5.86 tex:50398 mv:8925 misc:1733 imb:32 pmb:639 smb:2893 d:- ref:1540 59 36 ;
in:30 out:27 type:P dur:2 cpbdur:2 q:10.50 aq:2.89 tex:153118 mv:13301 misc:1981 imb:390 pmb:598 smb:2612 d:s ref:2059 47 219 48 19 ;
in:28 out:28 type:B dur:2 cpbdur:2 q:10.98 aq:4.28 tex:59300 mv:8669 misc:2071 imb:25 pmb:813 smb:2720 d:s ref:1311 257 23 16 ;
in:27 out:29 type:b dur:2 cpbdur:2 q:10.98 aq:4.06 tex:29014 mv:6199 misc:1667 imb:11 pmb:602 smb:2959 d:s ref:1189 296 ;
in:29 out:30 type:b dur:2 cpbdur:2 q:10.98 aq:3.77 tex:34605 mv:5988 misc:1823 imb:21 pmb:647 smb:2910 d:- ref:1509 52 12 ;
in:33 out:31 type:P dur:2 cpbdur:2 q:9.92 aq:3.17 tex:211375 mv:16562 misc:1903 imb:431 pmb:669 smb:2500 d:s ref:2174 28 274 109 91 ;
in:31 out:32 type:B dur:2 cpbdur:2 q:10.50 aq:3.94 tex:64075 mv:8975 misc:2094 imb:40 pmb:741 smb:2781 d:s ref:1549 377 54 32 ;
in:32 out:33 type:b dur:2 cpbdur:2 q:10.49 aq:4.66 tex:59971 mv:8727 misc:2038 imb:39 pmb:794 smb:2734 d:- ref:1752 106 67 ;
in:35 out:34 type:P dur:2 cpbdur:2 q:10.00 aq:3.13 tex:204778 mv:17212 misc:1914 imb:378 pmb:697 smb:2525 d:s ref:2329 63 260 82 54 ;
in:34 out:35 type:b dur:2 cpbdur:2 q:10.00 aq:4.87 tex:79224 mv:11304 misc:2208 imb:48 pmb:860 smb:2646 d:s ref:1828 325 26 ;
in:36 out:36 type:P dur:2 cpbdur:2 q:10.22 aq:2.43 tex:97952 mv:10182 misc:1970 imb:217 pmb:708 smb:2675 d:s ref:2554 21 156 57 44 ;
in:37 out:37 type:P dur:2 cpbdur:2 q:10.33 aq:2.77 tex:95179 mv:10766 misc:1999 imb:160 pmb:739 smb:2701 d:s ref:2614 31 135 103 48 25 ;
in:38 out:38 type:P dur:2 cpbdur:2 q:10.39 aq:2.88 tex:85925 mv:10659 misc:2032 imb:163 pmb:714 smb:2723 d:s ref:2408 28 211 78 121 10 ;
in:39 out:39 type:P dur:2 cpbdur:2 q:10.66 aq:2.98 tex:91878 mv:11266 misc:2024 imb:162 pmb:778 smb:2660 d:s ref:2689 20 176 117 38 72 ;
in:42 out:40 type:P dur:2 cpbdur:2 q:10.59 aq:2.69 tex:225426 mv:20940 misc:2106 imb:511 pmb:832 smb:2257 d:s ref:2550 63 402 131 88 94 ;
in:40 out:41 type:B dur:2 cpbdur:2 q:10.66 aq:3.59 tex:80989 mv:12383 misc:2292 imb:47 pmb:926 smb:2575 d:s ref:2358 109 86 40 ;
in:41 out:42 type:b dur:2 cpbdur:2 q:10.66 aq:4.37 tex:71016 mv:11887 misc:2193 imb:46 pmb:970 smb:2535 d:- ref:2327 91 36 ;
in:43 out:43 type:P dur:2 cpbdur:2 q:10.51 aq:3.43 tex:117797 mv:12257 misc:2170 imb:184 pmb:877 smb:2539 d:s ref:3163 25 216 56 48 ;
in:44 out:44 type:P dur:2 cpbdur:2 q:10.49 aq:3.63 tex:124218 mv:13376 misc:2198 imb:202 pmb:842 smb:2556 d:s ref:3009 54 152 89 28 36 ;
in:45 out:45 type:P dur:2 cpbdur:2 q:10.46 aq:3.64 tex:121327 mv:13172 misc:2245 imb:253 pmb:811 smb:2536 d:s ref:2875 66 134 75 70 24 ;
in:49 out:46 type:P dur:2 cpbdur:2 q:10.97 aq:2.36 tex:253894 mv:25038 misc:2412 imb:936 pmb:816 smb:1848 d:s ref:2397 102 350 186 126 103 ;
in:47 out:47 type:B dur:2 cpbdur:2 q:10.96 aq:3.19 tex:149081 mv:18358 misc:2673 imb:75 pmb:1383 smb:2053 d:s ref:2201 220 50 170 ;
in:46 out:48 type:b dur:2 cpbdur:2 q:10.96 aq:4.26 tex:81113 mv:14254 misc:2593 imb:38 pmb:1234 smb:2266 d:s ref:2975 172 ;
in:48 out:49 type:b dur:2 cpbdur:2 q:10.96 aq:4.30 tex:73764 mv:12864 misc:2508 imb:27 pmb:1149 smb:2368 d:- ref:2303 69 49 ;
in:52 out:50 type:P dur:2 cpbdur:2 q:10.98 aq:3.12 tex:207524 mv:19840 misc:1860 imb:320 pmb:859 smb:2421 d:s ref:2831 79 335 131 60 ;
in:50 out:51 type:B dur:2 cpbdur:2 q:10.98 aq:3.98 tex:66969 mv:11714 misc:2365 imb:36 pmb:987 smb:2526 d:s ref:2407 244 14 28 ;
in:51 out:52 type:b dur:2 cpbdur:2 q:10.98 aq:4.77 tex:57050 mv:11826 misc:1972 imb:18 pmb:977 smb:2553 d:- ref:2370 114 38 ;
in:56 out:53 type:P dur:2 cpbdur:2 q:11.23 aq:3.97 tex:231674 mv:25984 misc:1870 imb:500 pmb:851 smb:2249 d:s ref:2474 99 462 188 181 ;
in:54 out:54 type:B dur:2 cpbdur:2 q:11.22 aq:5.06 tex:130691 mv:18202 misc:2251 imb:58 pmb:1148 smb:2299 d:s ref:2603 401 74 40 ;
in:53 out:55 type:b dur:2 cpbdur:2 q:11.22 aq:5.07 tex:53685 mv:11017 misc:2026 imb:28 pmb:989 smb:2542 d:s ref:2279 252 ;
in:55 out:56 type:b dur:2 cpbdur:2 q:11.22 aq:5.38 tex:69390 mv:12176 misc:2146 imb:39 pmb:1057 smb:2462 d:- ref:2693 129 56 ;
in:57 out:57 type:P dur:2 cpbdur:2 q:11.47 aq:4.37 tex:128820 mv:18126 misc:1854 imb:259 pmb:930 smb:2411 d:s ref:3197 63 312 83 65 ;
in:58 out:58 type:P dur:2 cpbdur:2 q:11.77 aq:4.58 tex:136306 mv:19947 misc:1907 imb:315 pmb:960 smb:2325 d:s ref:3268 77 297 101 56 41 ;
in:61 out:59 type:P dur:2 cpbdur:2 q:12.01 aq:4.65 tex:344011 mv:37017 misc:2292 imb:1175 pmb:698 smb:1727 d:s ref:1406 183 561 278 185 179 ;
in:59 out:60 type:B dur:2 cpbdur:2 q:12.01 aq:5.87 tex:126434 mv:21724 misc:2634 imb:143 pmb:1353 smb:2046 d:s ref:3196 331 95 180 ;
in:60 out:61 type:b dur:2 cpbdur:2 q:12.01 aq:6.33 tex:204864 mv:27749 misc:2611 imb:261 pmb:1434 smb:1785 d:- ref:1432 211 173 ;
in:65 out:62 type:P dur:2 cpbdur:2 q:12.34 aq:4.49 tex:343841 mv:38516 misc:1739 imb:1360 pmb:706 smb:1534 d:s ref:1905 78 435 224 182 ;
in:63 out:63 type:B dur:2 cpbdur:2 q:12.33 aq:5.23 tex:261186 mv:33444 misc:2274 imb:262 pmb:1435 smb:1769 d:s ref:2531 308 82 41 ;
in:62 out:64 type:b dur:2 cpbdur:2 q:12.33 aq:6.48 tex:141795 mv:24799 misc:2342 imb:105 pmb:1460 smb:1957 d:s ref:3216 244 ;
in:64 out:65 type:b dur:2 cpbdur:2 q:12.34 aq:6.61 tex:144987 mv:25496 misc:2293 imb:152 pmb:1446 smb:1902 d:- ref:2873 116 64 ;
in:68 out:66 type:P dur:2 cpbdur:2 q:13.28 aq:5.04 tex:310531 mv:38072 misc:1749 imb:1223 pmb:799 smb:1578 d:s ref:2227 125 526 210 108 ;
in:66 out:67 type:B dur:2 cpbdur:2 q:13.27 aq:6.72 tex:161504 mv:25386 misc:2390 imb:191 pmb:1474 smb:1845 d:s ref:3027 346 30 12 ;
in:67 out:68 type:b dur:2 cpbdur:2 q:13.27 aq:7.15 tex:149069 mv:26188 misc:2303 imb:175 pmb:1559 smb:1779 d:- ref:3090 230 48 ;
in:72 out:69 type:P dur:2 cpbdur:2 q:13.33 aq:4.22 tex:325194 mv:39085 misc:1753 imb:1615 pmb:783 smb:1202 d:s ref:2052 113 606 211 150 ;
in:70 out:70 type:B dur:2 cpbdur:2 q:13.33 aq:5.54 tex:245553 mv:34961 misc:2190 imb:297 pmb:1755 smb:1441 d:s ref:2372 370 86 44 ;
in:69 out:71 type:b dur:2 cpbdur:2 q:13.33 aq:6.91 tex:160982 mv:26304 misc:2138 imb:165 pmb:1792 smb:1570 d:s ref:3175 271 ;
in:71 out:72 type:b dur:2 cpbdur:2 q:13.33 aq:6.32 tex:152717 mv:25469 misc:2342 imb:187 pmb:1715 smb:1623 d:- ref:2855 118 88 ;
in:76 out:73 type:P dur:2 cpbdur:2 q:14.57 aq:5.89 tex:319574 mv:41782 misc:2044 imb:1750 pmb:933 smb:917 d:s ref:2647 147 649 200 89 ;
in:74 out:74 type:B dur:2 cpbdur:2 q:14.56 aq:6.29 tex:240114 mv:35587 misc:2315 imb:335 pmb:2047 smb:1131 d:s ref:2808 391 34 33 ;
in:73 out:75 type:b dur:2 cpbdur:2 q:14.55 aq:7.20 tex:142985 mv:26472 misc:2415 imb:166 pmb:1899 smb:1465 d:s ref:3209 213 ;
in:75 out:76 type:b dur:2 cpbdur:2 q:14.56 aq:7.39 tex:145923 mv:26720 misc:2557 imb:210 pmb:2004 smb:1326 d:- ref:3283 159 44 ;
in:79 out:77 type:P dur:2 cpbdur:2 q:15.84 aq:7.43 tex:272623 mv:43097 misc:1904 imb:1696 pmb:1071 smb:833 d:s ref:2999 217 678 223 167 ;
in:77 out:78 type:B dur:2 cpbdur:2 q:15.82 aq:8.25 tex:137968 mv:26852 misc:2796 imb:271 pmb:1812 smb:1472 d:s ref:3644 273 70 18 ;
in:78 out:79 type:b dur:2 cpbdur:2 q:15.83 aq:8.27 tex:146238 mv:28054 misc:2636 imb:254 pmb:2093 smb:1205 d:- ref:3434 218 50 ;
in:80 out:80 type:P dur:2 cpbdur:2 q:16.62 aq:8.18 tex:125389 mv:28042 misc:2681 imb:655 pmb:1253 smb:1692 d:s ref:4325 126 353 135 73 ;
in:83 out:81 type:P dur:2 cpbdur:2 q:17.01 aq:8.26 tex:193309 mv:36651 misc:2344 imb:1266 pmb:1252 smb:1082 d:s ref:3472 136 915 242 179 64 ;
in:81 out:82 type:B dur:2 cpbdur:2 q:17.01 aq:8.97 tex:127124 mv:23130 misc:2938 imb:204 pmb:1843 smb:1514 d:s ref:3291 242 45 24 ;
in:82 out:83 type:b dur:2 cpbdur:2 q:17.01 aq:9.60 tex:100184 mv:20814 misc:2826 imb:133 pmb:1788 smb:1640 d:- ref:3240 196 48 ;
in:84 out:84 type:P dur:2 cpbdur:2 q:17.42 aq:9.14 tex:78482 mv:19409 misc:2885 imb:434 pmb:1146 smb:2020 d:s ref:3985 88 335 103 73 ;
in:86 out:85 type:P dur:2 cpbdur:2 q:17.77 aq:9.12 tex:104040 mv:19208 misc:2296 imb:1597 pmb:400 smb:1603 d:s ref:1581 9 4 5 1 0 0 w:5,15,127,6,29,70,27,73 ;
in:85 out:86 type:b dur:2 cpbdur:2 q:17.77 aq:7.78 tex:165606 mv:19236 misc:1110 imb:1055 pmb:2038 smb:488 d:t ref:249 24 3 ;
in:87 out:87 type:P dur:2 cpbdur:2 q:18.00 aq:2.80 tex:25689 mv:7945 misc:414 imb:3600 pmb:0 smb:0 d:s ref:0 0 0 0 0 0 w:6,93,-66,4,5,93,34,-128 ;
in:90 out:88 type:P dur:2 cpbdur:2 q:18.09 aq:10.41 tex:44290 mv:8822 misc:1056 imb:407 pmb:316 smb:2877 d:s ref:1222 17 25 0 0 0 0 w:6,87,-85,3,11,-48,11,-48 ;
in:88 out:89 type:B dur:2 cpbdur:2 q:18.09 aq:8.38 tex:12227 mv:3374 misc:1079 imb:100 pmb:300 smb:3190 d:s ref:36 4 0 0 ;
in:89 out:90 type:b dur:2 cpbdur:2 q:18.09 aq:11.62 tex:7997 mv:2611 misc:992 imb:19 pmb:329 smb:3249 d:- ref:848 0 0 ;
in:91 out:91 type:P dur:2 cpbdur:2 q:18.62 aq:9.77 tex:39345 mv:9922 misc:1365 imb:432 pmb:425 smb:2743 d:s ref:1504 12 182 2 0 ;
in:95 out:92 type:P dur:2 cpbdur:2 q:18.68 aq:9.67 tex:89960 mv:15475 misc:1285 imb:815 pmb:390 smb:2395 d:s ref:1299 3 178 80 0 0 ;
in:93 out:93 type:B dur:2 cpbdur:2 q:18.68 aq:11.56 tex:46932 mv:11572 misc:1312 imb:176 pmb:563 smb:2830 d:s ref:788 88 29 94 ;
in:92 out:94 type:b dur:2 cpbdur:2 q:18.68 aq:12.04 tex:34744 mv:9197 misc:1315 imb:125 pmb:597 smb:2860 d:s ref:1171 110 ;
in:94 out:95 type:b dur:2 cpbdur:2 q:18.68 aq:14.41 tex:17848 mv:7840 misc:1416 imb:53 pmb:625 smb:2908 d:- ref:1060 48 8 ;
in:96 out:96 type:I dur:2 cpbdur:2 q:12.92 aq:1.46 tex:197967 mv:20965 misc:444 imb:3600 pmb:0 smb:0 d:s ref:;
in:99 out:97 type:P dur:2 cpbdur:2 q:19.30 aq:9.73 tex:108014 mv:19029 misc:1693 imb:664 pmb:628 smb:2308 d:s ref:2512 ;
in:97 out:98 type:B dur:2 cpbdur:2 q:19.30 aq:9.25 tex:47876 mv:11500 misc:1704 imb:86 pmb:745 smb:2744 d:s ref:1784 ;
in:98 out:99 type:b dur:2 cpbdur:2 q:19.30 aq:14.19 tex:25327 mv:10361 misc:1784 imb:68 pmb:794 smb:2711 d:- ref:1617 90 ;
in:103 out:100 type:P dur:2 cpbdur:2 q:19.33 aq:9.56 tex:108052 mv:20511 misc:1925 imb:401 pmb:909 smb:2290 d:s ref:2837 100 573 126 ;
in:101 out:101 type:B dur:2 cpbdur:2 q:19.33 aq:11.59 tex:30569 mv:12437 misc:1898 imb:33 pmb:961 smb:2585 d:s ref:1946 228 20 ;
in:100 out:102 type:b dur:2 cpbdur:2 q:19.33 aq:13.68 tex:11259 mv:7938 misc:1843 imb:11 pmb:784 smb:2794 d:s ref:1519 218 ;
in:102 out:103 type:b dur:2 cpbdur:2 q:19.33 aq:14.68 tex:8891 mv:8438 misc:1887 imb:3 pmb:852 smb:2730 d:- ref:1989 175 68 ;
in:107 out:104 type:P dur:2 cpbdur:2 q:19.04 aq:9.23 tex:138026 mv:23765 misc:1897 imb:369 pmb:899 smb:2332 d:s ref:2738 46 469 202 141 ;
in:105 out:105 type:B dur:2 cpbdur:2 q:19.33 aq:12.55 tex:45000 mv:16448 misc:1872 imb:162 pmb:884 smb:2496 d:t ref:1536 347 56 21 ;
in:104 out:106 type:b dur:2 cpbdur:2 q:19.33 aq:13.70 tex:20257 mv:10608 misc:1815 imb:114 pmb:810 smb:2651 d:s ref:1897 195 ;
in:106 out:107 type:b dur:2 cpbdur:2 q:19.32 aq:13.47 tex:25962 mv:9676 misc:1850 imb:44 pmb:895 smb:2634 d:- ref:1926 146 34 ;
in:111 out:108 type:P dur:2 cpbdur:2 q:18.84 aq:8.63 tex:180061 mv:25487 misc:1828 imb:370 pmb:958 smb:2272 d:s ref:2508 91 714 317 202 ;
in:109 out:109 type:B dur:2 cpbdur:2 q:19.04 aq:11.89 tex:56661 mv:15706 misc:1833 imb:66 pmb:1038 smb:2446 d:t ref:2163 190 52 22 ;
in:108 out:110 type:b dur:2 cpbdur:2 q:19.04 aq:13.04 tex:28751 mv:10544 misc:1849 imb:31 pmb:928 smb:2592 d:s ref:2040 164 ;
in:110 out:111 type:b dur:2 cpbdur:2 q:19.04 aq:14.35 tex:26307 mv:10004 misc:1905 imb:41 pmb:900 smb:2617 d:- ref:2285 98 30 ;
in:115 out:112 type:P dur:2 cpbdur:2 q:18.90 aq:8.45 tex:143956 mv:22453 misc:2071 imb:219 pmb:1132 smb:2249 d:s ref:3032 356 666 252 222 ;
in:113 out:113 type:B dur:2 cpbdur:2 q:18.90 aq:11.58 tex:40516 mv:15466 misc:1986 imb:8 pmb:1035 smb:2479 d:t ref:1916 305 64 42 ;
in:112 out:114 type:b dur:2 cpbdur:2 q:18.90 aq:13.66 tex:19387 mv:10467 misc:1922 imb:5 pmb:943 smb:2610 d:s ref:2130 240 ;
in:114 out:115 type:b dur:2 cpbdur:2 q:18.90 aq:12.62 tex:13427 mv:10282 misc:1963 imb:9 pmb:932 smb:2615 d:- ref:2116 123 34 ;
in:119 out:116 type:P dur:2 cpbdur:2 q:18.59 aq:7.52 tex:143308 mv:22738 misc:2082 imb:265 pmb:1094 smb:2241 d:s ref:3050 105 820 241 160 ;
in:117 out:117 type:B dur:2 cpbdur:2 q:18.89 aq:11.96 tex:36207 mv:15151 misc:1978 imb:12 pmb:1052 smb:2463 d:t ref:2121 213 57 10 ;
in:116 out:118 type:b dur:2 cpbdur:2 q:18.90 aq:13.62 tex:12973 mv:8987 misc:1968 imb:3 pmb:909 smb:2662 d:s ref:2394 174 ;
in:118 out:119 type:b dur:2 cpbdur:2 q:18.89 aq:13.40 tex:12746 mv:9378 misc:1876 imb:7 pmb:956 smb:2610 d:- ref:2321 81 22 ;
in:123 out:120 type:P dur:2 cpbdur:2 q:18.45 aq:7.90 tex:138212 mv:22333 misc:2119 imb:222 pmb:1164 smb:2214 d:s ref:3335 100 818 256 147 ;
in:121 out:121 type:B dur:2 cpbdur:2 q:18.59 aq:11.14 tex:38919 mv:14966 misc:1947 imb:11 pmb:1061 smb:2463 d:t ref:2086 211 52 10 ;
in:120 out:122 type:b dur:2 cpbdur:2 q:18.59 aq:13.82 tex:13645 mv:9747 misc:2024 imb:7 pmb:905 smb:2644 d:s ref:2419 198 ;
in:122 out:123 type:b dur:2 cpbdur:2 q:18.59 aq:12.79 tex:14505 mv:9663 misc:2008 imb:5 pmb:956 smb:2592 d:- ref:2169 110 24 ;
in:127 out:124 type:P dur:2 cpbdur:2 q:18.31 aq:7.64 tex:141575 mv:22176 misc:2033 imb:241 pmb:1147 smb:2212 d:s ref:3202 133 780 267 206 ;
in:125 out:125 type:B dur:2 cpbdur:2 q:18.45 aq:10.14 tex:39915 mv:15220 misc:2001 imb:19 pmb:1050 smb:2452 d:t ref:1974 284 69 33 ;
in:124 out:126 type:b dur:2 cpbdur:2 q:18.45 aq:13.14 tex:15792 mv:9872 misc:1968 imb:5 pmb:940 smb:2616 d:s ref:2440 210 ;
in:126 out:127 type:b dur:2 cpbdur:2 q:18.45 aq:13.48 tex:13850 mv:9203 misc:2019 imb:9 pmb:922 smb:2618 d:- ref:2175 96 4 ;
in:131 out:128 type:P dur:2 cpbdur:2 q:18.19 aq:7.40 tex:147205 mv:22791 misc:2068 imb:282 pmb:1121 smb:2197 d:s ref:3026 109 838 331 180 ;
in:129 out:129 type:B dur:2 cpbdur:2 q:18.31 aq:10.89 tex:40335 mv:15559 misc:1962 imb:18 pmb:1078 smb:2436 d:t ref:2175 277 82 20 ;
in:128 out:130 type:b dur:2 cpbdur:2 q:18.31 aq:13.68 tex:16566 mv:9829 misc:2013 imb:11 pmb:939 smb:2607 d:s ref:2328 267 ;
in:130 out:131 type:b dur:2 cpbdur:2 q:18.31 aq:13.28 tex:15947 mv:10123 misc:2026 imb:12 pmb:984 smb:2560 d:- ref:2108 169 37 ;
in:135 out:132 type:P dur:2 cpbdur:2 q:18.06 aq:7.32 tex:145993 mv:22067 misc:1868 imb:225 pmb:1088 smb:2287 d:s ref:2936 96 867 252 201 ;
in:133 out:133 type:B dur:2 cpbdur:2 q:18.19 aq:11.95 tex:42287 mv:15605 misc:1876 imb:8 pmb:1071 smb:2454 d:t ref:2265 293 59 6 ;
in:132 out:134 type:b dur:2 cpbdur:2 q:18.19 aq:13.57 tex:15930 mv:9619 misc:1907 imb:8 pmb:924 smb:2632 d:s ref:2400 190 ;
in:134 out:135 type:b dur:2 cpbdur:2 q:18.19 aq:13.48 tex:15321 mv:9989 misc:1930 imb:9 pmb:959 smb:2593 d:- ref:2194 114 20 ;
in:139 out:136 type:P dur:2 cpbdur:2 q:17.98 aq:7.33 tex:140428 mv:22300 misc:1896 imb:207 pmb:1057 smb:2336 d:s ref:3022 149 642 214 201 ;
in:137 out:137 type:B dur:2 cpbdur:2 q:18.06 aq:11.18 tex:38757 mv:14836 misc:1855 imb:19 pmb:1021 smb:2499 d:t ref:2012 202 46 42 ;
in:136 out:138 type:b dur:2 cpbdur:2 q:18.06 aq:14.15 tex:14890 mv:9765 misc:1953 imb:5 pmb:892 smb:2649 d:s ref:2290 147 ;
in:138 out:139 type:b dur:2 cpbdur:2 q:18.06 aq:13.34 tex:14357 mv:9581 misc:1846 imb:9 pmb:924 smb:2621 d:- ref:2138 99 22 ;
in:143 out:140 type:P dur:2 cpbdur:2 q:17.84 aq:7.80 tex:128322 mv:21038 misc:1872 imb:211 pmb:1038 smb:2351 d:s ref:2948 100 677 245 182 ;
in:141 out:141 type:B dur:2 cpbdur:2 q:17.98 aq:11.13 tex:39988 mv:14296 misc:1900 imb:11 pmb:1033 smb:2499 d:t ref:2019 301 51 16 ;
in:140 out:142 type:b dur:2 cpbdur:2 q:17.98 aq:13.89 tex:15104 mv:9608 misc:1952 imb:5 pmb:894 smb:2658 d:s ref:2299 249 ;
in:142 out:143 type:b dur:2 cpbdur:2 q:17.98 aq:14.39 tex:13173 mv:9252 misc:1839 imb:8 pmb:885 smb:2662 d:- ref:2178 80 16 ;
in:147 out:144 type:P dur:2 cpbdur:2 q:17.66 aq:7.35 tex:204141 mv:28472 misc:2043 imb:542 pmb:790 smb:2268 d:s ref:1162 392 603 513 490 ;
in:145 out:145 type:B dur:2 cpbdur:2 q:17.84 aq:11.16 tex:53792 mv:14876 misc:1852 imb:22 pmb:1024 smb:2468 d:s ref:2650 426 165 36 ;
in:144 out:146 type:b dur:2 cpbdur:2 q:17.84 aq:13.73 tex:14896 mv:9031 misc:1889 imb:4 pmb:879 smb:2677 d:s ref:2085 185 ;
in:146 out:147 type:b dur:2 cpbdur:2 q:17.84 aq:14.34 tex:17991 mv:8497 misc:1960 imb:6 pmb:824 smb:2728 d:- ref:2671 119 39 ;
in:151 out:148 type:P dur:2 cpbdur:2 q:17.59 aq:11.08 tex:70846 mv:15710 misc:1908 imb:124 pmb:987 smb:2489 d:s ref:3427 26 275 136 84 ;
in:149 out:149 type:B dur:2 cpbdur:2 q:17.66 aq:9.48 tex:27446 mv:12675 misc:1951 imb:12 pmb:917 smb:2605 d:t ref:2409 100 28 4 ;
in:148 out:150 type:b dur:2 cpbdur:2 q:17.66 aq:13.44 tex:7946 mv:6877 misc:1905 imb:2 pmb:778 smb:2792 d:s ref:2248 48 ;
in:150 out:151 type:b dur:2 cpbdur:2 q:17.66 aq:13.56 tex:7515 mv:7976 misc:1845 imb:2 pmb:794 smb:2771 d:- ref:2298 104 16 ;
in:154 out:152 type:P dur:2 cpbdur:2 q:17.49 aq:11.23 tex:115728 mv:17406 misc:1602 imb:558 pmb:715 smb:2327 d:s ref:2776 16 16 21 12 19 w:5,27,36,7,105,23,108,20 ;
in:152 out:153 type:B dur:2 cpbdur:2 q:17.59 aq:12.94 tex:99912 mv:18339 misc:1573 imb:154 pmb:891 smb:2444 d:s ref:705 200 31 28 ;
in:153 out:154 type:b dur:2 cpbdur:2 q:17.59 aq:6.98 tex:101417 mv:33095 misc:416 imb:3252 pmb:284 smb:22 d:- ref:640 20 4 ;
in:156 out:155 type:P dur:2 cpbdur:2 q:17.54 aq:2.64 tex:244920 mv:19892 misc:396 imb:3599 pmb:1 smb:0 d:s ref:0 0 0 4 0 w:6,87,-128,5,32,0,51,-77 ;
in:155 out:156 type:b dur:2 cpbdur:2 q:17.64 aq:13.73 tex:49958 mv:8240 misc:1218 imb:106 pmb:441 smb:2992 d:s ref:3 0 0 ;
in:160 out:157 type:P dur:2 cpbdur:2 q:17.78 aq:8.37 tex:196020 mv:18497 misc:1387 imb:385 pmb:633 smb:2582 d:s ref:2431 98 0 0 3 ;
in:158 out:158 type:B dur:2 cpbdur:2 q:17.78 aq:8.85 tex:76822 mv:13204 misc:1310 imb:64 pmb:725 smb:2761 d:s ref:1706 0 0 4 ;
in:157 out:159 type:b dur:2 cpbdur:2 q:17.78 aq:13.04 tex:34331 mv:8576 misc:1349 imb:19 pmb:605 smb:2924 d:s ref:1626 0 ;
in:159 out:160 type:b dur:2 cpbdur:2 q:17.78 aq:12.71 tex:41903 mv:10864 misc:1377 imb:52 pmb:666 smb:2831 d:- ref:1562 84 0 ;
in:164 out:161 type:P dur:2 cpbdur:2 q:17.67 aq:7.96 tex:205776 mv:20735 misc:1313 imb:306 pmb:724 smb:2570 d:s ref:1977 81 646 192 0 ;
in:162 out:162 type:B dur:2 cpbdur:2 q:17.78 aq:10.26 tex:85450 mv:15055 misc:1367 imb:40 pmb:801 smb:2684 d:s ref:1625 207 56 0 ;
in:161 out:163 type:b dur:2 cpbdur:2 q:17.78 aq:14.95 tex:36463 mv:10624 misc:1353 imb:17 pmb:695 smb:2843 d:s ref:1821 90 ;
in:163 out:164 type:b dur:2 cpbdur:2 q:17.78 aq:13.59 tex:30808 mv:10764 misc:1388 imb:35 pmb:702 smb:2807 d:- ref:1910 71 31 ;
in:168 out:165 type:P dur:2 cpbdur:2 q:17.73 aq:6.72 tex:180512 mv:19130 misc:1414 imb:237 pmb:836 smb:2527 d:s ref:2228 88 601 193 234 ;
in:166 out:166 type:B dur:2 cpbdur:2 q:17.73 aq:10.06 tex:80076 mv:15598 misc:1414 imb:44 pmb:795 smb:2668 d:s ref:1677 255 52 11 ;
in:165 out:167 type:b dur:2 cpbdur:2 q:17.73 aq:13.44 tex:34628 mv:10829 misc:1487 imb:32 pmb:709 smb:2808 d:s ref:1927 201 ;
in:167 out:168 type:b dur:2 cpbdur:2 q:17.73 aq:11.40 tex:31584 mv:10025 misc:1519 imb:19 pmb:713 smb:2819 d:- ref:1887 78 56 ;
in:170 out:169 type:P dur:2 cpbdur:2 q:17.63 aq:8.15 tex:139202 mv:15112 misc:1518 imb:155 pmb:872 smb:2573 d:s ref:2779 107 414 114 74 ;
in:169 out:170 type:b dur:2 cpbdur:2 q:17.73 aq:13.30 tex:27505 mv:9934 misc:1473 imb:13 pmb:717 smb:2809 d:t ref:1917 107 22 ;
in:174 out:171 type:P dur:2 cpbdur:2 q:17.61 aq:6.49 tex:178788 mv:17892 misc:1400 imb:220 pmb:872 smb:2508 d:s ref:2377 132 609 221 149 ;
in:172 out:172 type:B dur:2 cpbdur:2 q:17.63 aq:10.27 tex:77202 mv:14731 misc:1339 imb:29 pmb:807 smb:2671 d:s ref:1830 169 49 32 ;
in:171 out:173 type:b dur:2 cpbdur:2 q:17.63 aq:12.38 tex:30675 mv:9891 misc:1458 imb:19 pmb:710 smb:2808 d:s ref:2129 131 ;
in:173 out:174 type:b dur:2 cpbdur:2 q:17.63 aq:12.43 tex:27134 mv:9508 misc:1518 imb:11 pmb:711 smb:2825 d:- ref:1863 74 26 ;
in:178 out:175 type:P dur:2 cpbdur:2 q:17.82 aq:10.07 tex:149859 mv:17933 misc:1496 imb:197 pmb:854 smb:2549 d:s ref:2240 93 653 229 201 ;
in:176 out:176 type:B dur:2 cpbdur:2 q:17.82 aq:11.01 tex:73487 mv:13670 misc:1347 imb:31 pmb:794 smb:2680 d:t ref:1603 264 65 18 ;
in:175 out:177 type:b dur:2 cpbdur:2 q:17.82 aq:13.82 tex:27135 mv:9638 misc:1435 imb:18 pmb:696 smb:2832 d:s ref:1886 201 ;
in:177 out:178 type:b dur:2 cpbdur:2 q:17.82 aq:13.07 tex:26464 mv:9345 misc:1471 imb:17 pmb:699 smb:2835 d:- ref:1871 125 38 ;
in:182 out:179 type:P dur:2 cpbdur:2 q:17.88 aq:11.98 tex:94886 mv:14746 misc:1568 imb:188 pmb:864 smb:2548 d:s ref:2633 48 490 158 127 ;
in:180 out:180 type:B dur:2 cpbdur:2 q:17.88 aq:10.06 tex:67306 mv:13112 misc:1414 imb:25 pmb:792 smb:2714 d:s ref:1480 237 68 38 ;
in:179 out:181 type:b dur:2 cpbdur:2 q:17.88 aq:13.59 tex:22846 mv:9041 misc:1465 imb:23 pmb:653 smb:2884 d:s ref:1908 142 ;
in:181 out:182 type:b dur:2 cpbdur:2 q:17.88 aq:11.18 tex:20489 mv:8557 misc:1442 imb:14 pmb:678 smb:2873 d:- ref:1877 87 26 ;
in:183 out:183 type:P dur:2 cpbdur:2 q:17.69 aq:11.09 tex:138119 mv:15274 misc:911 imb:1551 pmb:592 smb:1457 d:s ref:2331 36 0 1 0 0 w:2,3,3,7,97,31,95,33 ;
in:184 out:184 type:P dur:2 cpbdur:2 q:17.71 aq:10.57 tex:467035 mv:63214 misc:511 imb:3584 pmb:16 smb:0 d:s ref:47 7 10 0 0 0 0 w:5,29,39,6,73,-30,63,18 ;
in:186 out:185 type:P dur:2 cpbdur:2 q:17.92 aq:7.44 tex:805329 mv:53800 misc:495 imb:3259 pmb:341 smb:0 d:s ref:438 237 687 2 0 0 0 w:6,85,-43,6,77,-35,111,-64 ;
in:185 out:186 type:b dur:2 cpbdur:2 q:17.92 aq:12.39 tex:254319 mv:33910 misc:1179 imb:1594 pmb:1734 smb:205 d:s ref:1150 11 16 ;
in:187 out:187 type:P dur:2 cpbdur:2 q:18.47 aq:9.59 tex:62282 mv:9915 misc:2747 imb:180 pmb:748 smb:2672 d:s ref:2939 53 0 0 0 ;
in:188 out:188 type:P dur:2 cpbdur:2 q:18.52 aq:10.67 tex:58047 mv:7909 misc:1948 imb:54 pmb:548 smb:2998 d:s ref:1981 46 165 0 0 0 ;
in:189 out:189 type:P dur:2 cpbdur:2 q:18.47 aq:12.38 tex:56903 mv:7517 misc:1324 imb:47 pmb:369 smb:3184 d:s ref:1323 56 77 20 0 0 ;
in:190 out:190 type:P dur:2 cpbdur:2 q:18.42 aq:12.42 tex:70965 mv:8961 misc:1330 imb:56 pmb:405 smb:3139 d:s ref:1443 71 72 20 12 2 ;
in:191 out:191 type:P dur:2 cpbdur:2 q:18.41 aq:11.91 tex:72691 mv:10132 misc:1281 imb:56 pmb:439 smb:3105 d:s ref:1542 58 91 20 24 21 ;
in:192 out:192 type:I dur:2 cpbdur:2 q:15.00 aq:5.71 tex:1290751 mv:73579 misc:518 imb:3600 pmb:0 smb:0 d:s ref:;
in:193 out:193 type:P dur:2 cpbdur:2 q:19.33 aq:13.80 tex:82858 mv:11846 misc:1224 imb:60 pmb:542 smb:2998 d:s ref:2168 ;
in:194 out:194 type:P dur:2 cpbdur:2 q:19.32 aq:14.29 tex:90900 mv:13235 misc:1201 imb:66 pmb:541 smb:2993 d:s ref:1977 106 81 ;
in:195 out:195 type:P dur:2 cpbdur:2 q:19.24 aq:13.81 tex:96899 mv:14310 misc:1143 imb:61 pmb:584 smb:2955 d:s ref:2051 124 122 39 ;
in:196 out:196 type:P dur:2 cpbdur:2 q:19.52 aq:14.90 tex:98213 mv:15097 misc:986 imb:63 pmb:559 smb:2978 d:s ref:1926 134 113 39 24 ;
in:197 out:197 type:P dur:2 cpbdur:2 q:19.93 aq:15.20 tex:99940 mv:15353 misc:987 imb:56 pmb:588 smb:2956 d:s ref:2035 129 134 31 17 6 ;
in:198 out:198 type:P dur:2 cpbdur:2 q:20.04 aq:15.24 tex:100327 mv:15928 misc:1033 imb:41 pmb:622 smb:2937 d:s ref:2142 179 96 34 19 18 ;
in:199 out:199 type:P dur:2 cpbdur:2 q:20.05 aq:15.98 tex:114008 mv:16444 misc:988 imb:44 pmb:652 smb:2904 d:s ref:2254 191 81 50 28 4 ;
in:200 out:200 type:P dur:2 cpbdur:2 q:20.06 aq:13.96 tex:114264 mv:17209 misc:1079 imb:44 pmb:675 smb:2881 d:s ref:2306 198 112 31 37 16 ;
in:201 out:201 type:P dur:2 cpbdur:2 q:20.05 aq:13.11 tex:104676 mv:16895 misc:1053 imb:44 pmb:702 smb:2854 d:s ref:2422 168 106 44 54 14 ;
in:202 out:202 type:P dur:2 cpbdur:2 q:20.04 aq:14.96 tex:103664 mv:17272 misc:1056 imb:31 pmb:701 smb:2868 d:s ref:2461 186 101 19 12 25 ;
in:203 out:203 type:P dur:2 cpbdur:2 q:20.04 aq:13.97 tex:106674 mv:17077 misc:1033 imb:31 pmb:701 smb:2868 d:s ref:2445 165 130 28 18 18 ;
in:204 out:204 type:P dur:2 cpbdur:2 q:20.18 aq:14.64 tex:105420 mv:17106 misc:1034 imb:28 pmb:699 smb:2873 d:s ref:2481 191 87 18 10 9 ;
in:205 out:205 type:P dur:2 cpbdur:2 q:20.19 aq:14.06 tex:108492 mv:17104 misc:972 imb:43 pmb:677 smb:2880 d:s ref:2344 219 82 21 36 6 ;
in:206 out:206 type:P dur:2 cpbdur:2 q:20.20 aq:14.70 tex:110040 mv:17331 misc:901 imb:39 pmb:675 smb:2886 d:s ref:2347 201 85 42 12 13 ;
in:207 out:207 type:P dur:2 cpbdur:2 q:20.19 aq:15.14 tex:113358 mv:18016 misc:914 imb:53 pmb:670 smb:2877 d:s ref:2334 196 91 25 20 14 ;
in:208 out:208 type:P dur:2 cpbdur:2 q:20.20 aq:15.98 tex:124776 mv:18204 misc:956 imb:60 pmb:659 smb:2881 d:s ref:2298 193 86 21 26 12 ;
in:209 out:209 type:P dur:2 cpbdur:2 q:20.27 aq:15.58 tex:120133 mv:18136 misc:899 imb:43 pmb:673 smb:2884 d:s ref:2411 179 45 24 26 7 ;
in:210 out:210 type:P dur:2 cpbdur:2 q:20.30 aq:15.78 tex:114019 mv:17794 misc:875 imb:50 pmb:655 smb:2895 d:s ref:2350 158 47 33 24 8 ;
in:211 out:211 type:P dur:2 cpbdur:2 q:20.32 aq:15.36 tex:143083 mv:29464 misc:1061 imb:1447 pmb:1016 smb:1137 d:s ref:3162 696 123 14 26 43 ;
in:212 out:212 type:P dur:2 cpbdur:2 q:20.40 aq:14.63 tex:139035 mv:29090 misc:995 imb:1548 pmb:955 smb:1097 d:s ref:2981 759 48 9 10 13 ;
in:213 out:213 type:P dur:2 cpbdur:2 q:20.44 aq:15.30 tex:148318 mv:30384 misc:1026 imb:1538 pmb:989 smb:1073 d:s ref:3071 802 51 16 12 4 ;
in:214 out:214 type:P dur:2 cpbdur:2 q:20.51 aq:15.68 tex:144507 mv:31670 misc:1007 imb:1509 pmb:1025 smb:1066 d:s ref:3181 798 87 17 9 8 ;
in:215 out:215 type:P dur:2 cpbdur:2 q:20.54 aq:15.20 tex:153425 mv:32559 misc:976 imb:1505 pmb:1041 smb:1054 d:s ref:3303 752 73 18 9 9 ;
in:216 out:216 type:P dur:2 cpbdur:2 q:20.59 aq:16.22 tex:154073 mv:31450 misc:973 imb:1532 pmb:1027 smb:1041 d:s ref:3250 752 66 14 9 17 ;
in:217 out:217 type:P dur:2 cpbdur:2 q:20.62 aq:14.71 tex:148558 mv:30817 misc:969 imb:1574 pmb:1005 smb:1021 d:s ref:3176 732 55 11 28 18 ;
in:218 out:218 type:P dur:2 cpbdur:2 q:20.68 aq:15.77 tex:153125 mv:30348 misc:1023 imb:1573 pmb:991 smb:1036 d:s ref:3030 783 84 40 9 18 ;
in:219 out:219 type:P dur:2 cpbdur:2 q:20.74 aq:16.14 tex:145450 mv:31082 misc:956 imb:1602 pmb:958 smb:1040 d:s ref:2956 741 86 23 11 15 ;
in:220 out:220 type:P dur:2 cpbdur:2 q:20.83 aq:15.88 tex:140633 mv:29371 misc:980 imb:1609 pmb:970 smb:1021 d:s ref:3003 806 34 11 6 20 ;
in:221 out:221 type:P dur:2 cpbdur:2 q:20.90 aq:15.68 tex:142941 mv:28928 misc:963 imb:1656 pmb:921 smb:1023 d:s ref:2803 781 55 29 7 9 ;
in:222 out:222 type:P dur:2 cpbdur:2 q:20.95 aq:15.57 tex:139032 mv:29656 misc:960 imb:1653 pmb:934 smb:1013 d:s ref:2870 774 54 17 12 9 ;
in:223 out:223 type:P dur:2 cpbdur:2 q:21.06 aq:16.38 tex:148663 mv:31050 misc:999 imb:1687 pmb:905 smb:1008 d:s ref:2739 770 68 14 20 9 ;
in:224 out:224 type:P dur:2 cpbdur:2 q:21.15 aq:16.19 tex:152966 mv:30468 misc:982 imb:1717 pmb:901 smb:982 d:s ref:2656 814 90 31 9 4 ;
in:225 out:225 type:P dur:2 cpbdur:2 q:21.24 aq:15.66 tex:131641 mv:30104 misc:991 imb:1709 pmb:902 smb:989 d:s ref:2617 846 83 41 12 9 ;
in:226 out:226 type:P dur:2 cpbdur:2 q:21.31 aq:16.01 tex:146180 mv:29633 misc:1019 imb:1742 pmb:887 smb:971 d:s ref:2651 810 63 9 15 0 ;
in:227 out:227 type:P dur:2 cpbdur:2 q:21.42 aq:16.15 tex:138036 mv:30909 misc:1031 imb:1743 pmb:882 smb:975 d:s ref:2623 829 52 10 10 4 ;
in:228 out:228 type:P dur:2 cpbdur:2 q:21.48 aq:16.16 tex:134027 mv:30407 misc:982 imb:1768 pmb:871 smb:961 d:s ref:2574 808 64 12 16 10 ;
in:229 out:229 type:P dur:2 cpbdur:2 q:21.57 aq:15.79 tex:128725 mv:29786 misc:1009 imb:1783 pmb:851 smb:966 d:s ref:2496 825 51 21 4 7 ;
in:230 out:230 type:P dur:2 cpbdur:2 q:21.63 aq:14.36 tex:158709 mv:35853 misc:926 imb:1869 pmb:825 smb:906 d:s ref:2412 798 57 14 14 5 ;
in:231 out:231 type:P dur:2 cpbdur:2 q:21.70 aq:15.58 tex:102241 mv:22945 misc:2134 imb:393 pmb:803 smb:2404 d:s ref:3079 85 27 11 8 2 ;
in:235 out:232 type:P dur:2 cpbdur:2 q:21.76 aq:14.56 tex:133483 mv:21762 misc:1147 imb:1860 pmb:164 smb:1576 d:s ref:532 34 65 7 10 8 ;
in:233 out:233 type:B dur:2 cpbdur:2 q:21.76 aq:17.76 tex:135548 mv:22399 misc:2037 imb:383 pmb:527 smb:2605 d:s ref:1295 126 36 18 ;
in:232 out:234 type:b dur:2 cpbdur:2 q:21.76 aq:19.66 tex:101590 mv:22598 misc:1828 imb:256 pmb:518 smb:2665 d:s ref:1680 44 ;
in:234 out:235 type:b dur:2 cpbdur:2 q:21.76 aq:20.41 tex:102219 mv:20496 misc:1805 imb:319 pmb:438 smb:2807 d:- ref:965 62 21 ;
in:238 out:236 type:P dur:2 cpbdur:2 q:21.97 aq:18.39 tex:149309 mv:25452 misc:1631 imb:1364 pmb:159 smb:2077 d:s ref:461 50 74 35 16 ;
in:236 out:237 type:B dur:2 cpbdur:2 q:21.97 aq:20.97 tex:115196 mv:21721 misc:2011 imb:371 pmb:522 smb:2679 d:s ref:1180 86 29 8 ;
in:237 out:238 type:b dur:2 cpbdur:2 q:21.97 aq:22.72 tex:118924 mv:23657 misc:1723 imb:379 pmb:511 smb:2681 d:- ref:1143 157 38 ;
in:241 out:239 type:P dur:2 cpbdur:2 q:22.23 aq:20.77 tex:155138 mv:25440 misc:1566 imb:1186 pmb:162 smb:2252 d:s ref:455 3 96 36 58 ;
in:239 out:240 type:B dur:2 cpbdur:2 q:22.22 aq:20.44 tex:168677 mv:28122 misc:1665 imb:641 pmb:318 smb:2632 d:s ref:389 90 24 47 ;
in:240 out:241 type:b dur:2 cpbdur:2 q:22.22 aq:21.82 tex:130573 mv:23681 misc:1242 imb:509 pmb:254 smb:2811 d:- ref:470 61 39 ;
in:243 out:242 type:P dur:2 cpbdur:2 q:22.56 aq:18.35 tex:190153 mv:29309 misc:1082 imb:1054 pmb:173 smb:2373 d:s ref:266 32 268 61 65 ;
in:242 out:243 type:b dur:2 cpbdur:2 q:22.56 aq:22.21 tex:154595 mv:29761 misc:1236 imb:626 pmb:250 smb:2693 d:s ref:629 103 25 ;
in:247 out:244 type:P dur:2 cpbdur:2 q:22.68 aq:14.81 tex:213290 mv:30051 misc:883 imb:1021 pmb:218 smb:2361 d:s ref:434 55 267 77 39 ;
in:245 out:245 type:B dur:2 cpbdur:2 q:22.67 aq:13.74 tex:713 mv:619 misc:1164 imb:0 pmb:241 smb:3359 d:s ref:56 30 28 12 ;
in:244 out:246 type:b dur:2 cpbdur:2 q:22.67 aq:19.78 tex:826 mv:400 misc:902 imb:1 pmb:176 smb:3423 d:s ref:8 12 ;
in:246 out:247 type:b dur:2 cpbdur:2 q:22.67 aq:9.44 tex:96 mv:239 misc:537 imb:1 pmb:49 smb:3550 d:- ref:136 22 14 ;
in:248 out:248 type:P dur:2 cpbdur:2 q:22.82 aq:17.81 tex:164 mv:250 misc:554 imb:1 pmb:36 smb:3563 d:s ref:52 4 44 20 24 ;
